Arguments: 
  /usr/bin/node /usr/share/yarn/bin/yarn.js add -D body-parser@1.15.2

PATH: 
  /home/rharuow/.rvm/gems/ruby-2.7.0/bin:/home/rharuow/.rvm/gems/ruby-2.7.0@global/bin:/home/rharuow/.rvm/rubies/ruby-2.7.0/bin:/home/rharuow/.local/bin:/home/rharuow/.local/bin:/usr/local/sbin:/usr/local/bin:/usr/sbin:/usr/bin:/sbin:/bin:/usr/games:/usr/local/games:/home/rharuow/.rvm/bin:/home/rharuow/.rvm/bin:/home/rharuow/.rvm/bin:/home/rharuow/.rvm/bin

Yarn version: 
  1.22.4

Node version: 
  12.16.1

Platform: 
  linux x64

Trace: 
  SyntaxError: /home/rharuow/Documentos/Cursos/React-TodoApp/backend/package.json: Unexpected token } in JSON at position 220
      at JSON.parse (<anonymous>)
      at /usr/share/yarn/lib/cli.js:1625:59
      at Generator.next (<anonymous>)
      at step (/usr/share/yarn/lib/cli.js:310:30)
      at /usr/share/yarn/lib/cli.js:321:13

npm manifest: 
  {
    "name": "backend",
    "version": "1.0.0",
    "main": "index.js",
    "scripts": {
      "dev": "nodemon",
      "production": "pm2 start src/loader.js --name todo-app"
    },
    "author": "Harysson Soares",
    "license": "MIT",
  }

yarn manifest: 
  No manifest

Lockfile: 
  # THIS IS AN AUTOGENERATED FILE. DO NOT EDIT THIS FILE DIRECTLY.
  # yarn lockfile v1
